#-----------------------------------------------------------
# Vivado v2020.2 (64-bit)
# SW Build 3064766 on Wed Nov 18 09:12:47 MST 2020
# IP Build 3064653 on Wed Nov 18 14:17:31 MST 2020
# Start of session at: Mon May  2 18:37:15 2022
# Process ID: 120027
# Current directory: /nethome/sbn6/fpga/Lab3B
# Command line: vivado
# Log file: /nethome/sbn6/fpga/Lab3B/vivado.log
# Journal file: /nethome/sbn6/fpga/Lab3B/vivado.jou
#-----------------------------------------------------------
start_gui
open_project /nethome/sbn6/fpga/Lab3B/Lab3B_vivado/Lab3B_vivado.xpr
Scanning sources...
Finished scanning sources
INFO: [IP_Flow 19-234] Refreshing IP repositories
INFO: [IP_Flow 19-1700] Loaded user IP repository '/nethome/sbn6/fpga/Lab3B'.
WARNING: [IP_Flow 19-3656] If you move the project, the path for repository '/nethome/sbn6/fpga/Lab3B' may become invalid. A better location for the repository would be in a path adjacent to the project. (Current project location is '/nethome/sbn6/fpga/Lab3B/Lab3B_vivado'.)
INFO: [IP_Flow 19-2313] Loaded Vivado IP repository '/tools/software/xilinx/Vivado/2020.2/data/ip'.
WARNING: [IP_Flow 19-3664] IP 'design_1_rayTriangleIntersect_0_0' generated file not found '/nethome/sbn6/fpga/Lab3B/Lab3B_vivado/Lab3B_vivado.gen/sources_1/bd/design_1/ip/design_1_rayTriangleIntersect_0_0/design_1_rayTriangleIntersect_0_0.dcp'. Please regenerate to continue.
WARNING: [IP_Flow 19-3664] IP 'design_1_rayTriangleIntersect_0_0' generated file not found '/nethome/sbn6/fpga/Lab3B/Lab3B_vivado/Lab3B_vivado.gen/sources_1/bd/design_1/ip/design_1_rayTriangleIntersect_0_0/design_1_rayTriangleIntersect_0_0_stub.v'. Please regenerate to continue.
WARNING: [IP_Flow 19-3664] IP 'design_1_rayTriangleIntersect_0_0' generated file not found '/nethome/sbn6/fpga/Lab3B/Lab3B_vivado/Lab3B_vivado.gen/sources_1/bd/design_1/ip/design_1_rayTriangleIntersect_0_0/design_1_rayTriangleIntersect_0_0_stub.vhdl'. Please regenerate to continue.
WARNING: [IP_Flow 19-3664] IP 'design_1_rayTriangleIntersect_0_0' generated file not found '/nethome/sbn6/fpga/Lab3B/Lab3B_vivado/Lab3B_vivado.gen/sources_1/bd/design_1/ip/design_1_rayTriangleIntersect_0_0/design_1_rayTriangleIntersect_0_0_sim_netlist.v'. Please regenerate to continue.
WARNING: [IP_Flow 19-3664] IP 'design_1_rayTriangleIntersect_0_0' generated file not found '/nethome/sbn6/fpga/Lab3B/Lab3B_vivado/Lab3B_vivado.gen/sources_1/bd/design_1/ip/design_1_rayTriangleIntersect_0_0/design_1_rayTriangleIntersect_0_0_sim_netlist.vhdl'. Please regenerate to continue.
WARNING: [IP_Flow 19-3664] IP 'design_1_zynq_ultra_ps_e_0_0' generated file not found '/nethome/sbn6/fpga/Lab3B/Lab3B_vivado/Lab3B_vivado.gen/sources_1/bd/design_1/ip/design_1_zynq_ultra_ps_e_0_0/design_1_zynq_ultra_ps_e_0_0.dcp'. Please regenerate to continue.
WARNING: [IP_Flow 19-3664] IP 'design_1_zynq_ultra_ps_e_0_0' generated file not found '/nethome/sbn6/fpga/Lab3B/Lab3B_vivado/Lab3B_vivado.gen/sources_1/bd/design_1/ip/design_1_zynq_ultra_ps_e_0_0/design_1_zynq_ultra_ps_e_0_0_stub.v'. Please regenerate to continue.
WARNING: [IP_Flow 19-3664] IP 'design_1_zynq_ultra_ps_e_0_0' generated file not found '/nethome/sbn6/fpga/Lab3B/Lab3B_vivado/Lab3B_vivado.gen/sources_1/bd/design_1/ip/design_1_zynq_ultra_ps_e_0_0/design_1_zynq_ultra_ps_e_0_0_stub.vhdl'. Please regenerate to continue.
WARNING: [IP_Flow 19-3664] IP 'design_1_zynq_ultra_ps_e_0_0' generated file not found '/nethome/sbn6/fpga/Lab3B/Lab3B_vivado/Lab3B_vivado.gen/sources_1/bd/design_1/ip/design_1_zynq_ultra_ps_e_0_0/design_1_zynq_ultra_ps_e_0_0_sim_netlist.v'. Please regenerate to continue.
WARNING: [IP_Flow 19-3664] IP 'design_1_zynq_ultra_ps_e_0_0' generated file not found '/nethome/sbn6/fpga/Lab3B/Lab3B_vivado/Lab3B_vivado.gen/sources_1/bd/design_1/ip/design_1_zynq_ultra_ps_e_0_0/design_1_zynq_ultra_ps_e_0_0_sim_netlist.vhdl'. Please regenerate to continue.
WARNING: [IP_Flow 19-3664] IP 'design_1_axi_smc_0' generated file not found '/nethome/sbn6/fpga/Lab3B/Lab3B_vivado/Lab3B_vivado.gen/sources_1/bd/design_1/ip/design_1_axi_smc_0/design_1_axi_smc_0.dcp'. Please regenerate to continue.
WARNING: [IP_Flow 19-3664] IP 'design_1_axi_smc_0' generated file not found '/nethome/sbn6/fpga/Lab3B/Lab3B_vivado/Lab3B_vivado.gen/sources_1/bd/design_1/ip/design_1_axi_smc_0/design_1_axi_smc_0_stub.v'. Please regenerate to continue.
WARNING: [IP_Flow 19-3664] IP 'design_1_axi_smc_0' generated file not found '/nethome/sbn6/fpga/Lab3B/Lab3B_vivado/Lab3B_vivado.gen/sources_1/bd/design_1/ip/design_1_axi_smc_0/design_1_axi_smc_0_stub.vhdl'. Please regenerate to continue.
WARNING: [IP_Flow 19-3664] IP 'design_1_axi_smc_0' generated file not found '/nethome/sbn6/fpga/Lab3B/Lab3B_vivado/Lab3B_vivado.gen/sources_1/bd/design_1/ip/design_1_axi_smc_0/design_1_axi_smc_0_sim_netlist.v'. Please regenerate to continue.
WARNING: [IP_Flow 19-3664] IP 'design_1_axi_smc_0' generated file not found '/nethome/sbn6/fpga/Lab3B/Lab3B_vivado/Lab3B_vivado.gen/sources_1/bd/design_1/ip/design_1_axi_smc_0/design_1_axi_smc_0_sim_netlist.vhdl'. Please regenerate to continue.
WARNING: [IP_Flow 19-3664] IP 'design_1_rst_ps8_0_99M_0' generated file not found '/nethome/sbn6/fpga/Lab3B/Lab3B_vivado/Lab3B_vivado.gen/sources_1/bd/design_1/ip/design_1_rst_ps8_0_99M_0/design_1_rst_ps8_0_99M_0.dcp'. Please regenerate to continue.
WARNING: [IP_Flow 19-3664] IP 'design_1_rst_ps8_0_99M_0' generated file not found '/nethome/sbn6/fpga/Lab3B/Lab3B_vivado/Lab3B_vivado.gen/sources_1/bd/design_1/ip/design_1_rst_ps8_0_99M_0/design_1_rst_ps8_0_99M_0_stub.v'. Please regenerate to continue.
WARNING: [IP_Flow 19-3664] IP 'design_1_rst_ps8_0_99M_0' generated file not found '/nethome/sbn6/fpga/Lab3B/Lab3B_vivado/Lab3B_vivado.gen/sources_1/bd/design_1/ip/design_1_rst_ps8_0_99M_0/design_1_rst_ps8_0_99M_0_stub.vhdl'. Please regenerate to continue.
WARNING: [IP_Flow 19-3664] IP 'design_1_rst_ps8_0_99M_0' generated file not found '/nethome/sbn6/fpga/Lab3B/Lab3B_vivado/Lab3B_vivado.gen/sources_1/bd/design_1/ip/design_1_rst_ps8_0_99M_0/design_1_rst_ps8_0_99M_0_sim_netlist.v'. Please regenerate to continue.
WARNING: [IP_Flow 19-3664] IP 'design_1_rst_ps8_0_99M_0' generated file not found '/nethome/sbn6/fpga/Lab3B/Lab3B_vivado/Lab3B_vivado.gen/sources_1/bd/design_1/ip/design_1_rst_ps8_0_99M_0/design_1_rst_ps8_0_99M_0_sim_netlist.vhdl'. Please regenerate to continue.
WARNING: [IP_Flow 19-3664] IP 'design_1_axi_smc_1_0' generated file not found '/nethome/sbn6/fpga/Lab3B/Lab3B_vivado/Lab3B_vivado.gen/sources_1/bd/design_1/ip/design_1_axi_smc_1_0/design_1_axi_smc_1_0.dcp'. Please regenerate to continue.
WARNING: [IP_Flow 19-3664] IP 'design_1_axi_smc_1_0' generated file not found '/nethome/sbn6/fpga/Lab3B/Lab3B_vivado/Lab3B_vivado.gen/sources_1/bd/design_1/ip/design_1_axi_smc_1_0/design_1_axi_smc_1_0_stub.v'. Please regenerate to continue.
WARNING: [IP_Flow 19-3664] IP 'design_1_axi_smc_1_0' generated file not found '/nethome/sbn6/fpga/Lab3B/Lab3B_vivado/Lab3B_vivado.gen/sources_1/bd/design_1/ip/design_1_axi_smc_1_0/design_1_axi_smc_1_0_stub.vhdl'. Please regenerate to continue.
WARNING: [IP_Flow 19-3664] IP 'design_1_axi_smc_1_0' generated file not found '/nethome/sbn6/fpga/Lab3B/Lab3B_vivado/Lab3B_vivado.gen/sources_1/bd/design_1/ip/design_1_axi_smc_1_0/design_1_axi_smc_1_0_sim_netlist.v'. Please regenerate to continue.
WARNING: [IP_Flow 19-3664] IP 'design_1_axi_smc_1_0' generated file not found '/nethome/sbn6/fpga/Lab3B/Lab3B_vivado/Lab3B_vivado.gen/sources_1/bd/design_1/ip/design_1_axi_smc_1_0/design_1_axi_smc_1_0_sim_netlist.vhdl'. Please regenerate to continue.
WARNING: [IP_Flow 19-3664] IP 'design_1_axi_smc_2_0' generated file not found '/nethome/sbn6/fpga/Lab3B/Lab3B_vivado/Lab3B_vivado.gen/sources_1/bd/design_1/ip/design_1_axi_smc_2_0/design_1_axi_smc_2_0.dcp'. Please regenerate to continue.
WARNING: [IP_Flow 19-3664] IP 'design_1_axi_smc_2_0' generated file not found '/nethome/sbn6/fpga/Lab3B/Lab3B_vivado/Lab3B_vivado.gen/sources_1/bd/design_1/ip/design_1_axi_smc_2_0/design_1_axi_smc_2_0_stub.v'. Please regenerate to continue.
WARNING: [IP_Flow 19-3664] IP 'design_1_axi_smc_2_0' generated file not found '/nethome/sbn6/fpga/Lab3B/Lab3B_vivado/Lab3B_vivado.gen/sources_1/bd/design_1/ip/design_1_axi_smc_2_0/design_1_axi_smc_2_0_stub.vhdl'. Please regenerate to continue.
WARNING: [IP_Flow 19-3664] IP 'design_1_axi_smc_2_0' generated file not found '/nethome/sbn6/fpga/Lab3B/Lab3B_vivado/Lab3B_vivado.gen/sources_1/bd/design_1/ip/design_1_axi_smc_2_0/design_1_axi_smc_2_0_sim_netlist.v'. Please regenerate to continue.
WARNING: [IP_Flow 19-3664] IP 'design_1_axi_smc_2_0' generated file not found '/nethome/sbn6/fpga/Lab3B/Lab3B_vivado/Lab3B_vivado.gen/sources_1/bd/design_1/ip/design_1_axi_smc_2_0/design_1_axi_smc_2_0_sim_netlist.vhdl'. Please regenerate to continue.
WARNING: [IP_Flow 19-3664] IP 'design_1_axi_smc_3_0' generated file not found '/nethome/sbn6/fpga/Lab3B/Lab3B_vivado/Lab3B_vivado.gen/sources_1/bd/design_1/ip/design_1_axi_smc_3_0/design_1_axi_smc_3_0.dcp'. Please regenerate to continue.
WARNING: [IP_Flow 19-3664] IP 'design_1_axi_smc_3_0' generated file not found '/nethome/sbn6/fpga/Lab3B/Lab3B_vivado/Lab3B_vivado.gen/sources_1/bd/design_1/ip/design_1_axi_smc_3_0/design_1_axi_smc_3_0_stub.v'. Please regenerate to continue.
WARNING: [IP_Flow 19-3664] IP 'design_1_axi_smc_3_0' generated file not found '/nethome/sbn6/fpga/Lab3B/Lab3B_vivado/Lab3B_vivado.gen/sources_1/bd/design_1/ip/design_1_axi_smc_3_0/design_1_axi_smc_3_0_stub.vhdl'. Please regenerate to continue.
WARNING: [IP_Flow 19-3664] IP 'design_1_axi_smc_3_0' generated file not found '/nethome/sbn6/fpga/Lab3B/Lab3B_vivado/Lab3B_vivado.gen/sources_1/bd/design_1/ip/design_1_axi_smc_3_0/design_1_axi_smc_3_0_sim_netlist.v'. Please regenerate to continue.
WARNING: [IP_Flow 19-3664] IP 'design_1_axi_smc_3_0' generated file not found '/nethome/sbn6/fpga/Lab3B/Lab3B_vivado/Lab3B_vivado.gen/sources_1/bd/design_1/ip/design_1_axi_smc_3_0/design_1_axi_smc_3_0_sim_netlist.vhdl'. Please regenerate to continue.
WARNING: [IP_Flow 19-3664] IP 'design_1_axi_smc_4_0' generated file not found '/nethome/sbn6/fpga/Lab3B/Lab3B_vivado/Lab3B_vivado.gen/sources_1/bd/design_1/ip/design_1_axi_smc_4_0/design_1_axi_smc_4_0.dcp'. Please regenerate to continue.
WARNING: [IP_Flow 19-3664] IP 'design_1_axi_smc_4_0' generated file not found '/nethome/sbn6/fpga/Lab3B/Lab3B_vivado/Lab3B_vivado.gen/sources_1/bd/design_1/ip/design_1_axi_smc_4_0/design_1_axi_smc_4_0_stub.v'. Please regenerate to continue.
WARNING: [IP_Flow 19-3664] IP 'design_1_axi_smc_4_0' generated file not found '/nethome/sbn6/fpga/Lab3B/Lab3B_vivado/Lab3B_vivado.gen/sources_1/bd/design_1/ip/design_1_axi_smc_4_0/design_1_axi_smc_4_0_stub.vhdl'. Please regenerate to continue.
WARNING: [IP_Flow 19-3664] IP 'design_1_axi_smc_4_0' generated file not found '/nethome/sbn6/fpga/Lab3B/Lab3B_vivado/Lab3B_vivado.gen/sources_1/bd/design_1/ip/design_1_axi_smc_4_0/design_1_axi_smc_4_0_sim_netlist.v'. Please regenerate to continue.
WARNING: [IP_Flow 19-3664] IP 'design_1_axi_smc_4_0' generated file not found '/nethome/sbn6/fpga/Lab3B/Lab3B_vivado/Lab3B_vivado.gen/sources_1/bd/design_1/ip/design_1_axi_smc_4_0/design_1_axi_smc_4_0_sim_netlist.vhdl'. Please regenerate to continue.
WARNING: [IP_Flow 19-3664] IP 'design_1_auto_ds_0' generated file not found '/nethome/sbn6/fpga/Lab3B/Lab3B_vivado/Lab3B_vivado.gen/sources_1/bd/design_1/ip/design_1_auto_ds_0/design_1_auto_ds_0.dcp'. Please regenerate to continue.
WARNING: [IP_Flow 19-3664] IP 'design_1_auto_ds_0' generated file not found '/nethome/sbn6/fpga/Lab3B/Lab3B_vivado/Lab3B_vivado.gen/sources_1/bd/design_1/ip/design_1_auto_ds_0/design_1_auto_ds_0_stub.v'. Please regenerate to continue.
WARNING: [IP_Flow 19-3664] IP 'design_1_auto_ds_0' generated file not found '/nethome/sbn6/fpga/Lab3B/Lab3B_vivado/Lab3B_vivado.gen/sources_1/bd/design_1/ip/design_1_auto_ds_0/design_1_auto_ds_0_stub.vhdl'. Please regenerate to continue.
WARNING: [IP_Flow 19-3664] IP 'design_1_auto_ds_0' generated file not found '/nethome/sbn6/fpga/Lab3B/Lab3B_vivado/Lab3B_vivado.gen/sources_1/bd/design_1/ip/design_1_auto_ds_0/design_1_auto_ds_0_sim_netlist.v'. Please regenerate to continue.
WARNING: [IP_Flow 19-3664] IP 'design_1_auto_ds_0' generated file not found '/nethome/sbn6/fpga/Lab3B/Lab3B_vivado/Lab3B_vivado.gen/sources_1/bd/design_1/ip/design_1_auto_ds_0/design_1_auto_ds_0_sim_netlist.vhdl'. Please regenerate to continue.
WARNING: [IP_Flow 19-3664] IP 'design_1_auto_pc_0' generated file not found '/nethome/sbn6/fpga/Lab3B/Lab3B_vivado/Lab3B_vivado.gen/sources_1/bd/design_1/ip/design_1_auto_pc_0/design_1_auto_pc_0.dcp'. Please regenerate to continue.
WARNING: [IP_Flow 19-3664] IP 'design_1_auto_pc_0' generated file not found '/nethome/sbn6/fpga/Lab3B/Lab3B_vivado/Lab3B_vivado.gen/sources_1/bd/design_1/ip/design_1_auto_pc_0/design_1_auto_pc_0_stub.v'. Please regenerate to continue.
WARNING: [IP_Flow 19-3664] IP 'design_1_auto_pc_0' generated file not found '/nethome/sbn6/fpga/Lab3B/Lab3B_vivado/Lab3B_vivado.gen/sources_1/bd/design_1/ip/design_1_auto_pc_0/design_1_auto_pc_0_stub.vhdl'. Please regenerate to continue.
WARNING: [IP_Flow 19-3664] IP 'design_1_auto_pc_0' generated file not found '/nethome/sbn6/fpga/Lab3B/Lab3B_vivado/Lab3B_vivado.gen/sources_1/bd/design_1/ip/design_1_auto_pc_0/design_1_auto_pc_0_sim_netlist.v'. Please regenerate to continue.
WARNING: [IP_Flow 19-3664] IP 'design_1_auto_pc_0' generated file not found '/nethome/sbn6/fpga/Lab3B/Lab3B_vivado/Lab3B_vivado.gen/sources_1/bd/design_1/ip/design_1_auto_pc_0/design_1_auto_pc_0_sim_netlist.vhdl'. Please regenerate to continue.
INFO: [IP_Flow 19-3899] Cannot get the environment domain name variable for the component vendor name. Setting the vendor name to 'user.org'.
open_project: Time (s): cpu = 00:00:28 ; elapsed = 00:00:23 . Memory (MB): peak = 7647.113 ; gain = 122.332 ; free physical = 19233 ; free virtual = 113994
update_compile_order -fileset sources_1
open_bd_design {/nethome/sbn6/fpga/Lab3B/Lab3B_vivado/Lab3B_vivado.srcs/sources_1/bd/design_1/design_1.bd}
Reading block design file </nethome/sbn6/fpga/Lab3B/Lab3B_vivado/Lab3B_vivado.srcs/sources_1/bd/design_1/design_1.bd>...
Adding component instance block -- xilinx.com:hls:rayTriangleIntersect:1.0 - rayTriangleIntersect_0
Adding component instance block -- xilinx.com:ip:zynq_ultra_ps_e:3.3 - zynq_ultra_ps_e_0
Adding component instance block -- xilinx.com:ip:smartconnect:1.0 - axi_smc
Adding component instance block -- xilinx.com:ip:proc_sys_reset:5.0 - rst_ps8_0_99M
Adding component instance block -- xilinx.com:ip:smartconnect:1.0 - axi_smc_1
Adding component instance block -- xilinx.com:ip:smartconnect:1.0 - axi_smc_2
Adding component instance block -- xilinx.com:ip:smartconnect:1.0 - axi_smc_3
Adding component instance block -- xilinx.com:ip:smartconnect:1.0 - axi_smc_4
Adding component instance block -- xilinx.com:ip:axi_interconnect:2.1 - ps8_0_axi_periph
Adding component instance block -- xilinx.com:ip:axi_dwidth_converter:2.1 - auto_ds
Adding component instance block -- xilinx.com:ip:axi_protocol_converter:2.1 - auto_pc
Excluding slave segment /zynq_ultra_ps_e_0/SAXIGP2/HP0_LPS_OCM from address space /rayTriangleIntersect_0/Data_m_axi_dir.
Excluding slave segment /zynq_ultra_ps_e_0/SAXIGP3/HP1_LPS_OCM from address space /rayTriangleIntersect_0/Data_m_axi_P1_DRAM.
Excluding slave segment /zynq_ultra_ps_e_0/SAXIGP4/HP2_LPS_OCM from address space /rayTriangleIntersect_0/Data_m_axi_P2_DRAM.
Excluding slave segment /zynq_ultra_ps_e_0/SAXIGP5/HP3_LPS_OCM from address space /rayTriangleIntersect_0/Data_m_axi_P3_DRAM.
Excluding slave segment /zynq_ultra_ps_e_0/SAXIGP1/HPC1_LPS_OCM from address space /rayTriangleIntersect_0/Data_m_axi_intersectIndex.
Successfully read diagram <design_1> from block design file </nethome/sbn6/fpga/Lab3B/Lab3B_vivado/Lab3B_vivado.srcs/sources_1/bd/design_1/design_1.bd>
open_bd_design: Time (s): cpu = 00:00:12 ; elapsed = 00:00:11 . Memory (MB): peak = 9194.625 ; gain = 1212.387 ; free physical = 19176 ; free virtual = 113941
reset_run synth_1
launch_runs impl_1 -to_step write_bitstream -jobs 56
INFO: [IP_Flow 19-7066] Running IP cache check for IP design_1_auto_ds_0
INFO: [IP_Flow 19-7066] Running IP cache check for IP design_1_auto_pc_0
INFO: [IP_Flow 19-7066] Running IP cache check for IP design_1_axi_smc_0
INFO: [IP_Flow 19-7066] Running IP cache check for IP design_1_axi_smc_1_0
INFO: [IP_Flow 19-7066] Running IP cache check for IP design_1_axi_smc_2_0
INFO: [IP_Flow 19-7066] Running IP cache check for IP design_1_axi_smc_3_0
INFO: [IP_Flow 19-7066] Running IP cache check for IP design_1_axi_smc_4_0
INFO: [IP_Flow 19-7066] Running IP cache check for IP design_1_rayTriangleIntersect_0_0
INFO: [IP_Flow 19-7066] Running IP cache check for IP design_1_rst_ps8_0_99M_0
INFO: [IP_Flow 19-7066] Running IP cache check for IP design_1_zynq_ultra_ps_e_0_0
[Mon May  2 18:39:17 2022] Launched design_1_axi_smc_4_0_synth_1, design_1_rayTriangleIntersect_0_0_synth_1, design_1_zynq_ultra_ps_e_0_0_synth_1, design_1_axi_smc_0_synth_1, design_1_axi_smc_3_0_synth_1, design_1_rst_ps8_0_99M_0_synth_1, design_1_axi_smc_1_0_synth_1, design_1_axi_smc_2_0_synth_1, design_1_auto_ds_0_synth_1, design_1_auto_pc_0_synth_1, synth_1...
Run output will be captured here:
design_1_axi_smc_4_0_synth_1: /nethome/sbn6/fpga/Lab3B/Lab3B_vivado/Lab3B_vivado.runs/design_1_axi_smc_4_0_synth_1/runme.log
design_1_rayTriangleIntersect_0_0_synth_1: /nethome/sbn6/fpga/Lab3B/Lab3B_vivado/Lab3B_vivado.runs/design_1_rayTriangleIntersect_0_0_synth_1/runme.log
design_1_zynq_ultra_ps_e_0_0_synth_1: /nethome/sbn6/fpga/Lab3B/Lab3B_vivado/Lab3B_vivado.runs/design_1_zynq_ultra_ps_e_0_0_synth_1/runme.log
design_1_axi_smc_0_synth_1: /nethome/sbn6/fpga/Lab3B/Lab3B_vivado/Lab3B_vivado.runs/design_1_axi_smc_0_synth_1/runme.log
design_1_axi_smc_3_0_synth_1: /nethome/sbn6/fpga/Lab3B/Lab3B_vivado/Lab3B_vivado.runs/design_1_axi_smc_3_0_synth_1/runme.log
design_1_rst_ps8_0_99M_0_synth_1: /nethome/sbn6/fpga/Lab3B/Lab3B_vivado/Lab3B_vivado.runs/design_1_rst_ps8_0_99M_0_synth_1/runme.log
design_1_axi_smc_1_0_synth_1: /nethome/sbn6/fpga/Lab3B/Lab3B_vivado/Lab3B_vivado.runs/design_1_axi_smc_1_0_synth_1/runme.log
design_1_axi_smc_2_0_synth_1: /nethome/sbn6/fpga/Lab3B/Lab3B_vivado/Lab3B_vivado.runs/design_1_axi_smc_2_0_synth_1/runme.log
design_1_auto_ds_0_synth_1: /nethome/sbn6/fpga/Lab3B/Lab3B_vivado/Lab3B_vivado.runs/design_1_auto_ds_0_synth_1/runme.log
design_1_auto_pc_0_synth_1: /nethome/sbn6/fpga/Lab3B/Lab3B_vivado/Lab3B_vivado.runs/design_1_auto_pc_0_synth_1/runme.log
synth_1: /nethome/sbn6/fpga/Lab3B/Lab3B_vivado/Lab3B_vivado.runs/synth_1/runme.log
[Mon May  2 18:39:18 2022] Launched impl_1...
Run output will be captured here: /nethome/sbn6/fpga/Lab3B/Lab3B_vivado/Lab3B_vivado.runs/impl_1/runme.log
launch_runs: Time (s): cpu = 00:00:12 ; elapsed = 00:00:14 . Memory (MB): peak = 9446.504 ; gain = 98.406 ; free physical = 19077 ; free virtual = 113842
open_run impl_1
INFO: [Device 21-403] Loading part xczu3eg-sbva484-1-e
Netlist sorting complete. Time (s): cpu = 00:00:00.77 ; elapsed = 00:00:00.75 . Memory (MB): peak = 9956.016 ; gain = 0.000 ; free physical = 22772 ; free virtual = 117865
INFO: [Netlist 29-17] Analyzing 882 Unisim elements for replacement
INFO: [Netlist 29-28] Unisim Transformation completed in 2 CPU seconds
INFO: [Project 1-479] Netlist was created with Vivado 2020.2
INFO: [Project 1-570] Preparing netlist for logic optimization
INFO: [Timing 38-478] Restoring timing data from binary archive.
INFO: [Timing 38-479] Binary timing data restore complete.
INFO: [Project 1-856] Restoring constraints from binary archive.
INFO: [Project 1-853] Binary constraint restore complete.
Reading XDEF placement.
Reading placer database...
Reading XDEF routing.
Read XDEF File: Time (s): cpu = 00:00:04 ; elapsed = 00:00:04 . Memory (MB): peak = 10442.781 ; gain = 21.426 ; free physical = 22459 ; free virtual = 117518
Restored from archive | CPU: 3.720000 secs | Memory: 37.186562 MB |
Finished XDEF File Restore: Time (s): cpu = 00:00:04 ; elapsed = 00:00:04 . Memory (MB): peak = 10442.781 ; gain = 21.426 ; free physical = 22458 ; free virtual = 117517
Netlist sorting complete. Time (s): cpu = 00:00:00 ; elapsed = 00:00:00.01 . Memory (MB): peak = 10850.988 ; gain = 0.000 ; free physical = 21451 ; free virtual = 116515
INFO: [Project 1-111] Unisim Transformation Summary:
  A total of 350 instances were transformed.
  DSP48E2 => DSP48E2 (DSP_ALU, DSP_A_B_DATA, DSP_C_DATA, DSP_MULTIPLIER, DSP_M_DATA, DSP_OUTPUT, DSP_PREADD, DSP_PREADD_DATA): 108 instances
  RAM32M16 => RAM32M16 (RAMD32(x14), RAMS32(x2)): 192 instances
  SRLC32E => SRL16E: 50 instances

open_run: Time (s): cpu = 00:01:35 ; elapsed = 00:02:12 . Memory (MB): peak = 11112.379 ; gain = 1665.875 ; free physical = 21187 ; free virtual = 116272
open_report: Time (s): cpu = 00:00:44 ; elapsed = 00:00:12 . Memory (MB): peak = 12107.039 ; gain = 0.000 ; free physical = 20283 ; free virtual = 115368
