#-----------------------------------------------------------
# Vivado v2020.2 (64-bit)
# SW Build 3064766 on Wed Nov 18 09:12:47 MST 2020
# IP Build 3064653 on Wed Nov 18 14:17:31 MST 2020
# Start of session at: Mon May  2 16:17:23 2022
# Process ID: 246097
# Current directory: /nethome/sbn6/fpga/Lab3B
# Command line: vivado
# Log file: /nethome/sbn6/fpga/Lab3B/vivado.log
# Journal file: /nethome/sbn6/fpga/Lab3B/vivado.jou
#-----------------------------------------------------------
start_gui
open_project /nethome/sbn6/fpga/tutorial/project_1/project_1.xpr
WARNING: [filemgmt 56-3] Default IP Output Path : Could not find the directory '/nethome/sbn6/fpga/tutorial/project_1/project_1.gen/sources_1'.
Scanning sources...
Finished scanning sources
INFO: [IP_Flow 19-234] Refreshing IP repositories
INFO: [IP_Flow 19-1704] No user IP repositories specified
INFO: [IP_Flow 19-2313] Loaded Vivado IP repository '/tools/software/xilinx/Vivado/2020.2/data/ip'.
INFO: [IP_Flow 19-3899] Cannot get the environment domain name variable for the component vendor name. Setting the vendor name to 'user.org'.
open_project: Time (s): cpu = 00:00:19 ; elapsed = 00:00:16 . Memory (MB): peak = 7576.914 ; gain = 52.133 ; free physical = 32019 ; free virtual = 121563
exit
INFO: [Common 17-206] Exiting Vivado at Mon May  2 16:20:55 2022...
