#-----------------------------------------------------------
# Vivado v2020.2 (64-bit)
# SW Build 3064766 on Wed Nov 18 09:12:47 MST 2020
# IP Build 3064653 on Wed Nov 18 14:17:31 MST 2020
# Start of session at: Mon May  2 17:42:49 2022
# Process ID: 47593
# Current directory: /nethome/sbn6/fpga/Lab3B
# Command line: vivado
# Log file: /nethome/sbn6/fpga/Lab3B/vivado.log
# Journal file: /nethome/sbn6/fpga/Lab3B/vivado.jou
#-----------------------------------------------------------
start_gui
create_project Lab3B_vivado /nethome/sbn6/fpga/Lab3B/Lab3B_vivado -part xczu3eg-sbva484-1-e
INFO: [IP_Flow 19-234] Refreshing IP repositories
INFO: [IP_Flow 19-1704] No user IP repositories specified
INFO: [IP_Flow 19-2313] Loaded Vivado IP repository '/tools/software/xilinx/Vivado/2020.2/data/ip'.
INFO: [IP_Flow 19-3899] Cannot get the environment domain name variable for the component vendor name. Setting the vendor name to 'user.org'.
create_project: Time (s): cpu = 00:00:21 ; elapsed = 00:00:13 . Memory (MB): peak = 7594.938 ; gain = 67.129 ; free physical = 20619 ; free virtual = 112051
set_property  ip_repo_paths  /nethome/sbn6/fpga/Lab3B [current_project]
update_ip_catalog
INFO: [IP_Flow 19-234] Refreshing IP repositories
INFO: [IP_Flow 19-1700] Loaded user IP repository '/nethome/sbn6/fpga/Lab3B'.
WARNING: [IP_Flow 19-3656] If you move the project, the path for repository '/nethome/sbn6/fpga/Lab3B' may become invalid. A better location for the repository would be in a path adjacent to the project. (Current project location is '/nethome/sbn6/fpga/Lab3B/Lab3B_vivado'.)
INFO: [IP_Flow 19-3899] Cannot get the environment domain name variable for the component vendor name. Setting the vendor name to 'user.org'.
create_bd_design "design_1"
Wrote  : </nethome/sbn6/fpga/Lab3B/Lab3B_vivado/Lab3B_vivado.srcs/sources_1/bd/design_1/design_1.bd> 
update_compile_order -fileset sources_1
startgroup
create_bd_cell -type ip -vlnv xilinx.com:hls:rayTriangleIntersect:1.0 rayTriangleIntersect_0
endgroup
startgroup
create_bd_cell -type ip -vlnv xilinx.com:ip:zynq_ultra_ps_e:3.3 zynq_ultra_ps_e_0
endgroup
set_property location {1 7 -171} [get_bd_cells zynq_ultra_ps_e_0]
set_property location {2 732 -185} [get_bd_cells rayTriangleIntersect_0]
WARNING: [IP_Flow 19-474] Invalid Parameter 'Component_Name'
set_property -dict [list CONFIG.PSU__USE__M_AXI_GP0 {1} CONFIG.PSU__USE__M_AXI_GP2 {0} CONFIG.PSU__USE__S_AXI_GP1 {1} CONFIG.PSU__USE__S_AXI_GP2 {1} CONFIG.PSU__USE__S_AXI_GP3 {1} CONFIG.PSU__USE__S_AXI_GP4 {1} CONFIG.PSU__USE__S_AXI_GP5 {1}] [get_bd_cells zynq_ultra_ps_e_0]
delete_bd_objs [get_bd_cells rayTriangleIntersect_0] [get_bd_cells zynq_ultra_ps_e_0]
exit
INFO: [Common 17-206] Exiting Vivado at Mon May  2 17:47:35 2022...
